make all --print-data-base --no-builtin-variables --no-builtin-rules --question
# GNU Make 4.2.1
# Built for x86_64-pc-linux-gnu
# Copyright (C) 1988-2016 Free Software Foundation, Inc.
# License GPLv3+: GNU GPL version 3 or later <http://gnu.org/licenses/gpl.html>
# This is free software: you are free to change and redistribute it.
# There is NO WARRANTY, to the extent permitted by law.

# Make data base, printed on Fri Jul  1 16:19:11 2022

# Variables

# 'override' directive
GNUMAKEFLAGS := 
# automatic
<D = $(patsubst %/,%,$(dir $<))
# automatic
?F = $(notdir $?)
# environment
DESKTOP_SESSION = ubuntu
# default
.SHELLFLAGS := -c
# makefile (from 'Makefile', line 25)
OBJ = bpt.o util/cli.o
# environment
XDG_SESSION_CLASS = user
# environment
SNAP_COMMON = /var/snap/code/common
# environment
XDG_SESSION_TYPE = x11
# environment
VSCODE_LOG_NATIVE = false
# environment
NVM_INC = /home/sahil/.nvm/versions/node/v16.14.2/include/node
# automatic
?D = $(patsubst %/,%,$(dir $?))
# environment
IM_CONFIG_PHASE = 1
# automatic
@D = $(patsubst %/,%,$(dir $@))
# environment
XAUTHORITY = /run/user/1000/gdm/Xauthority
# environment
GDMSESSION = ubuntu
# environment
XMODIFIERS = @im=ibus
# makefile
CURDIR := /home/sahil/code/college/Mini-Project/BPlusTree
# makefile
SHELL = /bin/sh
# environment
SNAP_DATA = /var/snap/code/99
# environment
VSCODE_NLS_CONFIG = {"locale":"en-gb","availableLanguages":{},"_languagePackSupport":true}
# environment
JOURNAL_STREAM = 8:51553
# makefile (from 'Makefile', line 5)
OPTIMIZATION = 
# environment
CFLAGS = -O2
# makefile (from 'Makefile', line 32)
TESTDB = bpt.o testDb.o
# environment
XDG_CONFIG_DIRS = /etc/xdg/xdg-ubuntu:/etc/xdg
# environment
SNAP_INSTANCE_NAME = code
# environment
SNAP_ARCH = amd64
# makefile (from 'Makefile', line 1)
MAKEFILE_LIST :=  Makefile
# automatic
@F = $(notdir $@)
# makefile (from 'Makefile', line 16)
ENDCOLOR = "\033[0m"
# environment
GIO_LAUNCHED_DESKTOP_FILE = /var/lib/snapd/desktop/applications/code_code.desktop
# makefile (from 'Makefile', line 8)
DEBUG = -g -ggdb
# environment
USERNAME = sahil
# environment
XDG_DATA_DIRS = /usr/share/ubuntu:/usr/local/share/:/usr/share/:/var/lib/snapd/desktop
# environment
DBUS_SESSION_BUS_ADDRESS = unix:path=/run/user/1000/bus
# environment
VSCODE_VERBOSE_LOGGING = true
# environment
_ = /snap/code/99/usr/share/code/code
# makefile (from 'Makefile', line 26)
PRGNAME = bpt_cli
# environment
MANAGERPID = 1861
# environment
VSCODE_IPC_HOOK_EXTHOST = /run/user/1000/vscode-ipc-7f650c2a-0be9-44bc-a637-90ebd2390a67.sock
# environment
VSCODE_CWD = /home/sahil
# environment
GSETTINGS_SCHEMA_DIR = /snap/code/99/usr/share/glib-2.0/schemas
# default
MAKE_HOST := x86_64-pc-linux-gnu
# environment
PATH = /home/sahil/.pyenv/plugins/pyenv-virtualenvwrapper/shims:/home/sahil/.pyenv/libexec:/home/sahil/.pyenv/plugins/python-build/bin:/home/sahil/.pyenv/plugins/pyenv-virtualenvwrapper/bin:/home/sahil/.pyenv/plugins/pyenv-virtualenv/bin:/home/sahil/.pyenv/plugins/pyenv-update/bin:/home/sahil/.pyenv/plugins/pyenv-installer/bin:/home/sahil/.pyenv/plugins/pyenv-doctor/bin:/home/sahil/.pyenv/plugins/pyenv-virtualenv/shims:/home/sahil/.pyenv/shims:/home/sahil/.pyenv/bin:/home/sahil/.nvm/versions/node/v16.14.2/bin:/usr/local/sbin:/usr/local/bin:/usr/sbin:/usr/bin:/sbin:/bin:/usr/games:/usr/local/games:/snap/bin
# environment
GPG_AGENT_INFO = /run/user/1000/gnupg/S.gpg-agent:0:1
# environment
LSCOLORS = Gxfxcxdxbxegedabagacad
# environment
SESSION_MANAGER = local/sahil-Aspire-A315-55G:@/tmp/.ICE-unix/2081,unix/sahil-Aspire-A315-55G:/tmp/.ICE-unix/2081
# environment
XDG_RUNTIME_DIR = /run/user/1000
# environment
GDK_PIXBUF_MODULE_FILE = /home/sahil/snap/code/common/.cache/gdk-pixbuf-loaders.cache
# environment
SNAP = /snap/code/99
# environment
PYTHON_CONFIGURE_OPTS = --enable-shared
# environment
NVM_BIN = /home/sahil/.nvm/versions/node/v16.14.2/bin
# environment
SNAP_VERSION = 30d9c6cd
# environment
VIRTUALENVWRAPPER_PYTHON = /home/sahil/.pyenv/versions/3.10.0/bin/python
# environment
XDG_MENU_PREFIX = gnome-
# environment
VSCODE_LOG_STACK = false
# environment
DISABLE_WAYLAND = 1
# environment
ELECTRON_RUN_AS_NODE = 1
# environment
PYENV_ROOT = /home/sahil/.pyenv
# environment
INVOCATION_ID = 3da4174f080b417c9235fc8af0c4f1f9
# environment
GDK_PIXBUF_MODULEDIR = /snap/code/99/usr/lib/x86_64-linux-gnu/gdk-pixbuf-2.0/2.10.0/loaders
# default
.FEATURES := target-specific order-only second-expansion else-if shortest-stem undefine oneshell archives jobserver output-sync check-symlink load
# environment
PYENV_VIRTUALENVWRAPPER_PYENV_VERSION = 3.10.0
# environment
ELECTRON_NO_ATTACH_CONSOLE = 1
# environment
LS_COLORS = 
# environment
XDG_SESSION_DESKTOP = ubuntu
# environment
SSH_AUTH_SOCK = /run/user/1000/keyring/ssh
# environment
GIO_LAUNCHED_DESKTOP_FILE_PID = 19933
# automatic
%F = $(notdir $%)
# environment
DISPLAY = :0
# environment
VIRTUALENVWRAPPER_VIRTUALENV = /home/sahil/.pyenv/versions/3.10.0/bin/virtualenv
# environment
PYTHON_BUILD_ARIA2_OPTS = -x 10 -k 1M
# environment
VSCODE_PIPE_LOGGING = true
# environment
SNAP_INSTANCE_KEY = 
# makefile (from 'Makefile', line 15)
MAKECOLOR = "\033[32;1m"
# environment
PWD = /home/sahil/code/college/Mini-Project/BPlusTree
# makefile (from 'Makefile', line 11)
CCCOLOR = "\033[34m"
# default
.LOADED := 
# environment
SSH_AGENT_PID = 2043
# environment
ORIGINAL_XDG_CURRENT_DESKTOP = ubuntu:GNOME
# environment
GTK_MODULES = gail:atk-bridge
# makefile (from 'Makefile', line 29)
DUMPPRGNAME = bpt_dump_numbers
# environment
VSCODE_AMD_ENTRYPOINT = vs/workbench/api/node/extensionHostProcess
# environment
PYENV_SHELL = zsh
# environment
HOME = /home/sahil
# environment
VSCODE_CLI = 1
# environment
VSCODE_CODE_CACHE_PATH = /home/sahil/.config/Code/CachedData/30d9c6cd9483b2cc586687151bcbcd635f373630
# environment
LOGNAME = sahil
# environment
APPLICATION_INSIGHTS_NO_DIAGNOSTIC_CHANNEL = 1
# environment
SNAP_LIBRARY_PATH = /var/lib/snapd/lib/gl:/var/lib/snapd/lib/gl32:/var/lib/snapd/void
# environment
SNAP_CONTEXT = NAUIeAxJntvAJZpfoigo3i7GywnKkcPF2Auy5D6jXuk999AF5z_D
# environment
NVM_CD_FLAGS = -q
# environment
ZSH = /home/sahil/.oh-my-zsh
# environment
SNAP_USER_COMMON = /home/sahil/snap/code/common
# environment
VSCODE_HANDLES_UNCAUGHT_ERRORS = true
# environment
GNOME_DESKTOP_SESSION_ID = this-is-deprecated
# automatic
^D = $(patsubst %/,%,$(dir $^))
# makefile (from 'Makefile', line 31)
MULTITHREADING = bpt.o multithreading.o
# environment
MAKELEVEL := 0
# environment
SNAP_REAL_HOME = /home/sahil
# environment
VIRTUALENVWRAPPER_VIRTUALENV_CLONE = /home/sahil/.pyenv/versions/3.10.0/bin/virtualenv-clone
# default
MAKE = $(MAKE_COMMAND)
# default
MAKECMDGOALS := all
# environment
QT_IM_MODULE = ibus
# environment
SNAP_USER_DATA = /home/sahil/snap/code/99
# environment
SHLVL = 0
# makefile (from 'Makefile', line 28)
DUMP_OBJ = bpt.o util/dump_numbers.o
# makefile (from 'Makefile', line 7)
CCLINK = 
# environment
GNOME_SHELL_SESSION_MODE = ubuntu
# default
MAKE_VERSION := 4.2.1
# environment
USER = sahil
# environment
SNAP_REVISION = 99
# makefile (from 'Makefile', line 19)
QUIET_CC = @printf '    %b %b\n' $(CCCOLOR)CXX$(ENDCOLOR) $(SRCCOLOR)$@$(ENDCOLOR);
# makefile
.DEFAULT_GOAL := all
# environment
XDG_CURRENT_DESKTOP = Unity
# environment
LESS = -R
# automatic
%D = $(patsubst %/,%,$(dir $%))
# default
MAKE_COMMAND := make
# environment
OLDPWD = /home/sahil
# default
.VARIABLES := 
# automatic
*F = $(notdir $*)
# environment
LANGUAGE = en_IN:en
# environment
VSCODE_IPC_HOOK = /run/user/1000/vscode-63683799-1.68.1-main.sock
# environment
BAMF_DESKTOP_FILE_HINT = /var/lib/snapd/desktop/applications/code_code.desktop
# makefile
MAKEFLAGS = pqrR
# environment
MFLAGS = -pqrR
# automatic
*D = $(patsubst %/,%,$(dir $*))
# environment
NVM_DIR = /home/sahil/.nvm
# makefile (from 'Makefile', line 23)
TESTPRGNAME = bpt_unit_test
# automatic
+D = $(patsubst %/,%,$(dir $+))
# environment
GDK_BACKEND = x11
# automatic
+F = $(notdir $+)
# environment
QT_ACCESSIBILITY = 1
# default
MAKEFILES := 
# environment
SNAP_COOKIE = NAUIeAxJntvAJZpfoigo3i7GywnKkcPF2Auy5D6jXuk999AF5z_D
# automatic
<F = $(notdir $<)
# environment
VIRTUALENVWRAPPER_SCRIPT = /home/sahil/.pyenv/versions/3.10.0/bin/virtualenvwrapper.sh
# makefile (from 'Makefile', line 30)
INSERT = bpt.o insertDb.o
# environment
SNAP_NAME = code
# environment
PAGER = less
# environment
LC_ALL = C
# makefile (from 'Makefile', line 13)
SRCCOLOR = "\033[33m"
# environment
GJS_DEBUG_TOPICS = JS ERROR;JS LOG
# automatic
^F = $(notdir $^)
# makefile (from 'Makefile', line 20)
QUIET_LINK = @printf '    %b %b\n' $(LINKCOLOR)LINK$(ENDCOLOR) $(BINCOLOR)$@$(ENDCOLOR);
# default
SUFFIXES := 
# environment
SNAP_REEXEC = 
# environment
CHROME_DESKTOP = code-url-handler.desktop
 
# environment
WINDOWPATH = 2
# environment
PYENV_VIRTUALENV_INIT = 1
# default
.INCLUDE_DIRS = /usr/include /usr/local/include /usr/include
# makefile (from 'Makefile', line 9)
CCOPT = $(CFLAGS) $(ARCH) $(PROF)
# environment
GJS_DEBUG_OUTPUT = stderr
# default
.RECIPEPREFIX := 
# environment
_VIRTUALENVWRAPPER_API =  mkvirtualenv rmvirtualenv lsvirtualenv showvirtualenv workon add2virtualenv cdsitepackages cdvirtualenv lssitepackages toggleglobalsitepackages cpvirtualenv setvirtualenvproject mkproject cdproject mktmpenv wipeenv allvirtualenv
# environment
LANG = C
# environment
VIRTUALENVWRAPPER_LAZY_SCRIPT = /home/sahil/.pyenv/versions/3.10.0/bin/virtualenvwrapper_lazy.sh
# makefile (from 'Makefile', line 12)
LINKCOLOR = "\033[34;1m"
# environment
VSCODE_PID = 19988
# makefile (from 'Makefile', line 14)
BINCOLOR = "\033[37;1m"
# variable set hash-table stats:
# Load=161/1024=16%, Rehash=0, Collisions=24/198=12%

# Pattern-specific Variable Values

# No pattern-specific variable values.

# Directories

# . (device 2065, inode 4462644): 27 files, no impossibilities.
# util (device 2065, inode 4985031): 7 files, no impossibilities so far.

# 34 files, no impossibilities in 2 directories.

# Implicit Rules

%.o: %.cc
#  recipe to execute (from 'Makefile', line 83):
	$(QUIET_CC)$(CXX) -o $@ -c $(CFLAGS) $(TEST) $(DEBUG) $(COMPILE_TIME) $<

# 1 implicit rules, 0 (0.0%) terminal.

# Files

# Not a target:
bpt.cc:
#  Implicit rule search has been done.
#  Last modified 2022-06-29 11:38:42.174113724
#  File has been updated.
#  Successfully updated.

all: bpt_dump_numbers bpt_cli
#  Command line target.
#  Implicit rule search has been done.
#  File does not exist.
#  File has been updated.
#  Successfully updated.

cli.o: cli.cc bpt.h predefined.h
#  Implicit rule search has not been done.
#  Modification time never checked.
#  File has not been updated.

util/dump_numbers.o: util/dump_numbers.cc
#  Implicit rule search has been done.
#  Implicit/static pattern stem: 'util/dump_numbers'
#  Last modified 2022-07-01 16:18:56.83081525
#  File has been updated.
#  Successfully updated.
#  recipe to execute (from 'Makefile', line 83):
	$(QUIET_CC)$(CXX) -o $@ -c $(CFLAGS) $(TEST) $(DEBUG) $(COMPILE_TIME) $<

distclean: clean
#  Implicit rule search has not been done.
#  Modification time never checked.
#  File has not been updated.
#  recipe to execute (from 'Makefile', line 54):
	$(MAKE) clean

# Not a target:
cli.cc:
#  Implicit rule search has not been done.
#  Modification time never checked.
#  File has not been updated.

# Not a target:
util/dump_numbers.cc:
#  Implicit rule search has been done.
#  Last modified 2022-06-14 08:19:08.156618736
#  File has been updated.
#  Successfully updated.

bpt_unit_test:
#  Implicit rule search has not been done.
#  Modification time never checked.
#  File has not been updated.
#  recipe to execute (from 'Makefile', line 63):
	$(QUIET_LINK)$(CXX) -o bpt_unit_test $(CCOPT) $(DEBUG) util/unit_test.cc bpt.cc $(TEST) $(CCLINK) 

multithreading: bpt.o multithreading.o
#  Implicit rule search has not been done.
#  Modification time never checked.
#  File has not been updated.
#  recipe to execute (from 'Makefile', line 72):
	$(QUIET_LINK)$(CXX) -pthread -o multithreading $(CCOPT) $(DEBUG) $(MULTITHREADING) $(CCLINK) 

multithreading.o: multithreading.cc multithreading.h
#  Implicit rule search has not been done.
#  Modification time never checked.
#  File has not been updated.

# Not a target:
Makefile:
#  Implicit rule search has been done.
#  Last modified 2022-06-30 22:28:05.006908287
#  File has been updated.
#  Successfully updated.

util/cli.o: util/cli.cc
#  Implicit rule search has been done.
#  Implicit/static pattern stem: 'util/cli'
#  Last modified 2022-07-01 16:18:57.246784776
#  File has been updated.
#  Successfully updated.
#  recipe to execute (from 'Makefile', line 83):
	$(QUIET_CC)$(CXX) -o $@ -c $(CFLAGS) $(TEST) $(DEBUG) $(COMPILE_TIME) $<

server: server.cc multithreading.o
#  Implicit rule search has not been done.
#  Modification time never checked.
#  File has not been updated.
#  recipe to execute (from 'Makefile', line 78):
	g++ server.cc multithreading.o bpt.o -o server -L /usr/lib/ -lboost_system -lboost_thread -lpthread

test:
#  Implicit rule search has not been done.
#  Modification time never checked.
#  File has not been updated.
#  recipe to execute (from 'Makefile', line 37):
	@-rm bpt_unit_test
	$(MAKE) TEST="-DUNIT_TEST" bpt_unit_test
	./bpt_unit_test

dep:
#  Implicit rule search has not been done.
#  Modification time never checked.
#  File has not been updated.
#  recipe to execute (from 'Makefile', line 57):
	$(CC) -MM *.cc

# Not a target:
multithreading.cc:
#  Implicit rule search has not been done.
#  Modification time never checked.
#  File has not been updated.

testDb.o: testDb.cc
#  Implicit rule search has not been done.
#  Modification time never checked.
#  File has not been updated.

# Not a target:
server.cc:
#  Implicit rule search has not been done.
#  Modification time never checked.
#  File has not been updated.

unit_test.o: unit_test.cc bpt.h predefined.h
#  Implicit rule search has not been done.
#  Modification time never checked.
#  File has not been updated.

# Not a target:
bpt.h:
#  Implicit rule search has been done.
#  Last modified 2022-06-29 11:38:42.174113724
#  File has been updated.
#  Successfully updated.

testdb: bpt.o testDb.o
#  Implicit rule search has not been done.
#  Modification time never checked.
#  File has not been updated.
#  recipe to execute (from 'Makefile', line 75):
	$(QUIET_LINK)$(CXX) -o testdb $(CCOPT) $(DEBUG) $(TESTDB) $(CCLINK)

# Not a target:
testDb.cc:
#  Implicit rule search has not been done.
#  Modification time never checked.
#  File has not been updated.

# Not a target:
util/cli.cc:
#  Implicit rule search has been done.
#  Last modified 2022-06-14 08:19:08.156618736
#  File has been updated.
#  Successfully updated.

dump_numbers.o: dump_numbers.cc bpt.h predefined.h
#  Implicit rule search has not been done.
#  Modification time never checked.
#  File has not been updated.

# Not a target:
unit_test.cc:
#  Implicit rule search has not been done.
#  Modification time never checked.
#  File has not been updated.

gprof:
#  Implicit rule search has not been done.
#  Modification time never checked.
#  File has not been updated.
#  recipe to execute (from 'Makefile', line 42):
	$(MAKE) PROF="-pg"

# Not a target:
.DEFAULT:
#  Implicit rule search has not been done.
#  Modification time never checked.
#  File has not been updated.

# Not a target:
predefined.h:
#  Implicit rule search has been done.
#  Last modified 2022-06-30 21:23:24.763702938
#  File has been updated.
#  Successfully updated.

# Not a target:
dump_numbers.cc:
#  Implicit rule search has not been done.
#  Modification time never checked.
#  File has not been updated.

clean:
#  Implicit rule search has not been done.
#  Modification time never checked.
#  File has not been updated.
#  recipe to execute (from 'Makefile', line 51):
	rm -rf insert multithreading testdb $(PRGNAME) $(TESTPRGNAME) $(DUMPPRGNAME) $(CHECKDUMPPRGNAME) $(CHECKAOFPRGNAME) *.o *.gcda *.gcno *.gcov util/*.o

bpt_cli: bpt.o util/cli.o
#  Implicit rule search has not been done.
#  Last modified 2022-07-01 16:18:57.350777141
#  File has been updated.
#  Successfully updated.
#  recipe to execute (from 'Makefile', line 60):
	$(QUIET_LINK)$(CXX) -o $(PRGNAME) $(CCOPT) $(DEBUG) $(OBJ) $(CCLINK)

# Not a target:
multithreading.h:
#  Implicit rule search has not been done.
#  Modification time never checked.
#  File has not been updated.

insertDb: bpt.o insertDb.o
#  Implicit rule search has not been done.
#  Modification time never checked.
#  File has not been updated.
#  recipe to execute (from 'Makefile', line 69):
	$(QUIET_LINK)$(CXX) -o insert $(CCOPT) $(DEBUG) $(INSERT) $(CCLINK)

run_insert:
#  Implicit rule search has not been done.
#  Modification time never checked.
#  File has not been updated.
#  recipe to execute (from 'Makefile', line 81):
	rm test.db && make insertDb && make multithreading && touch test.db && ./insert

insertDb.o: insertDb.cc
#  Implicit rule search has not been done.
#  Modification time never checked.
#  File has not been updated.

gcov:
#  Implicit rule search has not been done.
#  Modification time never checked.
#  File has not been updated.
#  recipe to execute (from 'Makefile', line 45):
	$(MAKE) PROF="-fprofile-arcs -ftest-coverage"

bpt_dump_numbers: bpt.o util/dump_numbers.o
#  Implicit rule search has not been done.
 
#  Last modified 2022-07-01 16:18:56.958805901
#  File has been updated.
#  Successfully updated.
#  recipe to execute (from 'Makefile', line 66):
	$(QUIET_LINK)$(CXX) -o $(DUMPPRGNAME) $(CCOPT) $(DEBUG) $(DUMP_OBJ) $(CCLINK)

# Not a target:
insertDb.cc:
#  Implicit rule search has not been done.
#  Modification time never checked.
#  File has not been updated.

bpt.o: bpt.cc bpt.cc bpt.h predefined.h
#  Implicit rule search has been done.
#  Implicit/static pattern stem: 'bpt'
#  Last modified 2022-06-30 22:39:34.06851505
#  File has been updated.
#  Successfully updated.
#  recipe to execute (from 'Makefile', line 83):
	$(QUIET_CC)$(CXX) -o $@ -c $(CFLAGS) $(TEST) $(DEBUG) $(COMPILE_TIME) $<

noopt:
#  Implicit rule search has not been done.
#  Modification time never checked.
#  File has not been updated.
#  recipe to execute (from 'Makefile', line 48):
	$(MAKE) OPTIMIZATION=""

# files hash-table stats:
# Load=41/1024=4%, Rehash=0, Collisions=6/97=6%
# VPATH Search Paths

# No 'vpath' search paths.

# No general ('VPATH' variable) search path.

# strcache buffers: 1 (0) / strings = 61 / storage = 621 B / avg = 10 B
# current buf: size = 8162 B / used = 621 B / count = 61 / avg = 10 B

# strcache performance: lookups = 132 / hit rate = 53%
# hash-table stats:
# Load=61/8192=1%, Rehash=0, Collisions=3/132=2%
# Finished Make data base on Fri Jul  1 16:19:11 2022

 
